|SourceProjectName:employee self service.hpr
|DestinationProjectName:index.htm
whhost.js
whmsg.js
whmozemu.js
whutils.js
whproxy.js
whstub.js
whver.js
whform.js
whphost.js
whstart.js
whtopic.js
whframes.js
whlang.js
xmlreadhelper.js
whskin_info.htm
whskin_blank.htm
whskin_pickup.htm
whskin_homepage.htm
whskin_tw.htm
whnjs.htm
whthost.js
whtdhtml.htm
whihost.js
whibody.htm
whiform.htm
whfhost.js
whfbody.htm
whfform.htm
whghost.js
whgbody.htm
whgdhtml.htm
whgdef.htm
whproj.js
whproj.htm
whdata\whtoc.js
whdata\whtoc.htm
whdata\whtdata.js
whdata\whidx.js
whdata\whidx.htm
whdata\whidata.js
whdata\whglo.js
whdata\whglo.htm
whdata\whgdata.js
whgdata\whnvp30.htm
whgdata\whnvp31.htm
whgdata\whnvp32.htm
whgdata\whnvp33.htm
whgdata\whnvt30.htm
whgdata\whnvt31.htm
whgdata\whnvt32.htm
whgdata\whnvt33.htm
whgdata\whnvf30.htm
whgdata\whnvf31.htm
whgdata\whnvf32.htm
whgdata\whnvf33.htm
whgdata\whnvl31.htm
whgdata\whnvl32.htm
whgdata\whnvl33.htm
whgdata\whexpbar.gif
cshdat_webhelp.htm
whcsh_home.htm
whcshdata.js
cshdat_robohelp.htm
wht_tab0.gif
wht_tab1.gif
wht_tab2.gif
wht_tab3.gif
wht_tab4.gif
wht_tab5.gif
wht_tab6.gif
wht_tab7.gif
wht_tab8.gif
wht_glo_h.gif
wht_glo_n.gif
wht_fts_h.gif
wht_fts_n.gif
wht_idx_h.gif
wht_idx_n.gif
wht_toc_h.gif
wht_toc_n.gif
wht_ws.gif
wht_ws_g.gif
wht_logo1.gif
wht_logo2.gif
wht_abgw.jpg
wht_abgi.jpg
wht_abge.jpg
wht_abtw.jpg
wht_abte.jpg
wht_abti.jpg
wht_spac.gif
wht_next.gif
wht_next_g.gif
wht_prev.gif
wht_prev_g.gif
wht_sync.gif
wht_hide.gif
wht_go.gif
whstart.ico
whestart.ico
whrstart.ico
whidhtml.htm
whfdhtml.htm
whskin_banner.htm
whtbar.js
whskin_pdhtml.htm
whskin_plist.htm
whskin_tbars.htm
whskin_mbars.htm
wht_toc4.gif
wht_toc1.gif
wht_toc2.gif
wht_toc3.gif
whskin_frmset010.htm
whst_topics.xml
whskin_frmset01.htm
index_hha.hhk
index.hhc
index.hhk
about_employee_self_service\2_available_programs.htm
about_employee_self_service\first_topic.htm
example_screens_my_info\zzz1_example_paycheck_history.htm
example_screens_my_info\zzz2_example_current_info.htm
example_screens_my_info\zzz3_example_emergency_alert_info.htm
example_screens_my_info\zzz4_example_acknowledgments.htm
example_screens_supply\zzzz1_example_supply_requisition_form.htm
example_screens_supply\zzzz2_example_shopping_cart.htm
example_screens_supply\zzzz3_example_order_history.htm
example_screens_time\z1_example_attendance_record_ra_sa.htm
example_screens_time\z2_example_attendance_record_entry_te.htm
example_screens_time\z3_example_attendance_history.htm
example_screens_time\z4_example_payroll_calendar.htm
example_screens_time\z5_example_accrual_history.htm
example_screens_time\z6_example_accrual_projections.htm
example_screens_time\z7_example_allowed_hours.htm
example_screens_time_supervisors\zz1_example_review_time_records.htm
example_screens_time_supervisors\zz2_example_employee_attendance_history.htm
example_screens_time_supervisors\zz3_example_employee_allowed_hours.htm
example_screens_time_supervisors\zz4_example_employee_accrual_history.htm
example_screens_time_supervisors\zz5_example_employee_accrual_projections.htm
example_screens_time_supervisors\zz6_example_grant_supervisor_access.htm
example_screens_travel\zzzzz1_example_new_travel_application.htm
example_screens_travel\zzzzz2_example_view_travel_application.htm
my_attendance\ea1_enter_and_submit_a_time_record_regular_and_special_annual_employees.htm
my_attendance\ea1a_enter_and_submit_a_time_record_temporary_hourly_employees.htm
my_attendance\ea2_view_and_print_previous_time_records.htm
my_attendance\ea3_correct_a_rejected_time_record.htm
my_attendance\ea4_view_time_summary_and_accrual_rates.htm
my_attendance\ea5_print_time_and_attendance_report.htm
my_attendance\ea6_project_accrual_balance_for_future_time_charged.htm
my_attendance\ea7_view_allowed_hours.htm
my_attendance_supervisors\sa1_approve_or_disapprove_time_records.htm
my_attendance_supervisors\sa2_list_outstanding_time_records.htm
my_attendance_supervisors\sa3_list_disapproved_time_records.htm
my_attendance_supervisors\sa4_list_time_records_submitted_to_personnel.htm
my_attendance_supervisors\sa5a_list_attendance_history_for_an_employee_you_supervise.htm
my_attendance_supervisors\sa5b_list_attendance_history_for_an_employee_under_a_supervisor_you_supervise.htm
my_attendance_supervisors\sa6a_view_accrual_history_for_an_employee_you_supervise.htm
my_attendance_supervisors\sa6b_view_accrual_history_for_an_employee_under_a_supervisor_you_supervise.htm
my_attendance_supervisors\sa7a_project_accrual_balances_for_an_employee_you_supervise.htm
my_attendance_supervisors\sa7b_project_accrual_balances_for_employee_under_a_supervisor_you_supervise.htm
my_attendance_supervisors\sa8_temporarily_transfer_your_supervisor_privileges.htm
my_attendance_supervisors\sa9_view_employee_allowed_hours.htm
my_info\i1_view_your_employee_profile.htm
my_info\i2_set_up_your_senate_emergency_alert_info.htm
my_info\i3_complete_your_annual_acknowledgments.htm
my_info\i4_view_and_print_paycheck_history.htm
supply\sup1_enter_and_submit_a_requisition_form.htm
supply\sup2_display_a_previous_shopping_cart_not_submitted.htm
supply\sup3_list_current_and_previous_orders.htm
travel\trav1_generate_a_travel_application_form.htm
travel\trav2_view_travel_application_forms_generated.htm
using_ess\1_get_access_to_ess.htm
using_ess\2_log_in_and_sign_out_of_ess.htm
using_ess\3_about_automatic_sign_out.htm
using_ess\4_get_help.htm
using_ess\5_view_and_print_ess_help_guide.htm
ess_help_guide.pdf
index.glo
default.css
pix_text_allowed_hours.jpg
pix_text_requisition_form_inside_cart.jpg
pix_text_requisition_form.jpg
pix_text_new_travel_applications_expenses4.jpg
pix_text_print_ta_accrual_usage_popup.jpg
pix_text_new_travel_applications_outbound2.jpg
pix_text_new_travel_applications_purpose1.jpg
pix_text_acknowlegments.jpg
pix_text_requisition_form_cart.jpg
pix_text_outstanding_time_records.jpg
pix_text_submitrecord.jpg
pix_text_employee_allowed_hours.jpg
pix_text_requisition_form_destination_confirm.jpg
pix_accrual_projection.jpg
pix_acknowlegments.jpg
pix_text_attendance_history_print_and_exit.jpg
pix_cart.jpg
pix_accrual_history.jpg
pix_text_accrual_history.jpg
pix_order_history.jpg
pix_text_employee_accrual_projections.jpg
pix_enter_ess_username_password.jpg
pix_text_requisition_form_display_order_history.jpg
pix_text_employee_attendance_history.jpg
pix_text_employee_attendance_history_all_supervisors.jpg
pix_text_awaiting_correction_time_records.jpg
pix_text_accrual_projection.jpg
pix_text_print_time_and_attendance_report_select_row.jpg
pix_example_view_travel_applications.jpg
pix_text_attendance_history2020.jpg
pix_text_paycheck_history.jpg
pix_text_current_info.jpg
pix_text_approve_or_disapprove_time_records.jpg
pix_text_attendance_record_entry_te-4in.jpg
pix_sign_in_ess_button_senateonline.jpg
pix_text_attendance_history_select_row.jpg
pix_text_saverecord_submitrecord.jpg
pix_requisition_form.jpg
pix_text_employee_accrual_projections_all_supervisors2020-n.jpg
pix_example_new_travel_applications.jpg
pix_employee_allowed_hours.jpg
pix_text_display_previous_shop_cart_not_submitted.jpg
pix_text_employee_accrual_history.jpg
pix_employee_accrual_history2020.jpg
pix_text_order_history.jpg
pix_grant_supervisor_access.jpg
pix_attendance_history2.jpg
pix_icon_pdf_helpguide.jpg
pix_text_requisition_form_destination_change.jpg
pix_text_new_travel_applications_return3.jpg
pix_text_emergency_alert_info.jpg
pix_text_choose_delivery_method.jpg
pix_text_employee_accrual_history_all_supervisors.jpg
pix_employee_accrual_projections.jpg
pix_attendance_record_entry_te.jpg
pix_current_info.jpg
pix_text_grant_supervisor_access.jpg
pix_text_recently_approved_submitted_to_personnel_time_records.jpg
pix_review_time_records.jpg
pix_payroll_calendar.jpg
pix_paycheck_history.jpg
pix_attendance_record_entry_rasa.jpg
pix_text_view_travel_applications.jpg
pix_emergency_alert_info.jpg
pix_text_correct_time_record_supervisor_disapproved.jpg
pix_text_print_ta_report.jpg
pix_employee_attendance_history.jpg
pix_text_attendance_record_entry_rasa-4in.jpg
pix_sign_out.jpg
robohhre.lng
ehlpdhtm.js
index.ppf
searchoptions.xml
whxdata\package_0_xml.js
whxdata\package_1_xml.js
whxdata\package_2_xml.js
whxdata\package_3_xml.js
whxdata\package_4_xml.js
whxdata\package_5_xml.js
whxdata\package_6_xml.js
whxdata\package_7_xml.js
whxdata\package_8_xml.js
whxdata\package_9_xml.js
whxdata\package_10_xml.js
whxdata\package_11_xml.js
whxdata\package_12_xml.js
whxdata\package_13_xml.js
whxdata\package_14_xml.js
whxdata\package_15_xml.js
whxdata\package_16_xml.js
whxdata\package_17_xml.js
whxdata\package_18_xml.js
whxdata\package_19_xml.js
whxdata\package_20_xml.js
whxdata\package_21_xml.js
whxdata\package_22_xml.js
whxdata\package_23_xml.js
whxdata\packageindex_xml.js
whxdata\synonym.xml
whxdata\synonym_xml.js
whxdata\topictable_0_xml.js
whxdata\topictable_1_xml.js
whxdata\topictableindex_xml.js
whxdata\whfts.xml
whxdata\whfts_xml.js
whproj_xml.js
whxdata\whtoc_xml.js
whxdata\whidx_xml.js
whxdata\whglo_xml.js
resource\resource_xml.js
whbrs_xml.js
whres_xml.js
whcsh_xml.js
whxdata\whtdata0_xml.js
whdata\whtdata0.htm
whgdata\whlstt0.htm
whgdata\whlstt1.htm
whgdata\whlstt2.htm
whgdata\whlstt3.htm
whgdata\whlstt4.htm
whgdata\whlstt5.htm
whgdata\whlstt6.htm
whgdata\whlstt7.htm
whgdata\whlstt8.htm
whgdata\whlstt9.htm
whgdata\whlstt10.htm
whgdata\whlstt11.htm
whgdata\whlstt12.htm
whgdata\whlstt13.htm
whgdata\whlstt14.htm
whgdata\whlstt15.htm
whgdata\whlstt16.htm
whgdata\whlstt17.htm
whgdata\whlstt18.htm
whgdata\whlstt19.htm
whgdata\whlstt20.htm
whgdata\whlsti0.htm
whgdata\whlstfl0.htm
whgdata\whlstfl1.htm
whgdata\whlstfl2.htm
whgdata\whlstfl3.htm
whgdata\whlstfl4.htm
whgdata\whlstfl5.htm
whgdata\whlstfl6.htm
whgdata\whlstfl7.htm
whgdata\whlstfl8.htm
whgdata\whlstfl9.htm
whgdata\whlstfl10.htm
whgdata\whlstfl11.htm
whgdata\whlstfl12.htm
whgdata\whlstfl13.htm
whgdata\whlstfl14.htm
whgdata\whlstfl15.htm
whgdata\whlstfl16.htm
whgdata\whlstfl17.htm
whgdata\whlstfl18.htm
whgdata\whlstfl19.htm
whgdata\whlstfl20.htm
whgdata\whlstfl21.htm
whgdata\whlstfl22.htm
whgdata\whlstfl23.htm
whgdata\whlstf0.htm
whgdata\whlstf1.htm
whgdata\whlstf2.htm
whgdata\whlstf3.htm
whgdata\whlstf4.htm
whgdata\whlstf5.htm
whgdata\whlstf6.htm
whgdata\whlstf7.htm
whgdata\whlstf8.htm
whgdata\whlstf9.htm
whgdata\whlstf10.htm
whgdata\whlstf11.htm
whgdata\whlstf12.htm
whgdata\whlstf13.htm
whgdata\whlstf14.htm
whgdata\whlstf15.htm
whgdata\whlstf16.htm
whgdata\whlstg0.htm
index.htm
index_csh.htm
index_rhc.htm
